{
  "stats": {
    "suites": 1,
    "tests": 1,
    "passes": 1,
    "pending": 0,
    "failures": 0,
    "start": "2024-09-01T04:07:46.395Z",
    "end": "2024-09-01T04:07:53.990Z",
    "duration": 7595,
    "testsRegistered": 1,
    "passPercent": 100,
    "pendingPercent": 0,
    "other": 0,
    "hasOther": false,
    "skipped": 0,
    "hasSkipped": false
  },
  "results": [
    {
      "uuid": "446d7179-7797-4c13-a580-6fbb2642d4cf",
      "title": "",
      "fullFile": "cypress\\e2e\\Register.cy.js",
      "file": "cypress\\e2e\\Register.cy.js",
      "beforeHooks": [],
      "afterHooks": [],
      "tests": [],
      "suites": [
        {
          "uuid": "7978b0df-396a-443d-8262-941aaaa6fe0e",
          "title": "Validate for Register",
          "fullFile": "",
          "file": "",
          "beforeHooks": [],
          "afterHooks": [],
          "tests": [
            {
              "title": "Should register a new user with valid credentials",
              "fullTitle": "Validate for Register Should register a new user with valid credentials",
              "timedOut": null,
              "duration": 7479,
              "state": "passed",
              "speed": "medium",
              "pass": true,
              "fail": false,
              "pending": false,
              "context": null,
              "code": "cy.visit('https://parabank.parasoft.com/parabank/index.htm'); //visit the url\ncy.contains('Register').click();\ncy.url().should('include', \"/parabank/register\"); //Assertion\ncy.get('#rightPanel').should('include.text', \"Signing up is easy!\"); //Assertion\ncy.validregister();",
              "err": {},
              "uuid": "a3bffca2-9154-45f3-ad1d-b16bb45c5f99",
              "parentUUID": "7978b0df-396a-443d-8262-941aaaa6fe0e",
              "isHook": false,
              "skipped": false
            }
          ],
          "suites": [],
          "passes": [
            "a3bffca2-9154-45f3-ad1d-b16bb45c5f99"
          ],
          "failures": [],
          "pending": [],
          "skipped": [],
          "duration": 7479,
          "root": false,
          "rootEmpty": false,
          "_timeout": 2000
        }
      ],
      "passes": [],
      "failures": [],
      "pending": [],
      "skipped": [],
      "duration": 0,
      "root": true,
      "rootEmpty": true,
      "_timeout": 2000
    }
  ],
  "meta": {
    "mocha": {
      "version": "7.0.1"
    },
    "mochawesome": {
      "options": {
        "quiet": false,
        "reportFilename": "mochawesome",
        "saveHtml": false,
        "saveJson": true,
        "consoleReporter": "spec",
        "useInlineDiffs": false,
        "code": true
      },
      "version": "7.1.3"
    },
    "marge": {
      "options": {
        "reportDir": "cypress/results",
        "overwrite": false,
        "html": false,
        "json": true
      },
      "version": "6.2.0"
    }
  }
}