{
  "stats": {
    "suites": 1,
    "tests": 1,
    "passes": 1,
    "pending": 0,
    "failures": 0,
    "start": "2024-09-01T04:07:15.278Z",
    "end": "2024-09-01T04:07:23.938Z",
    "duration": 8660,
    "testsRegistered": 1,
    "passPercent": 100,
    "pendingPercent": 0,
    "other": 0,
    "hasOther": false,
    "skipped": 0,
    "hasSkipped": false
  },
  "results": [
    {
      "uuid": "e9974514-d39a-44ae-8a88-ac68dc7f7623",
      "title": "",
      "fullFile": "cypress\\e2e\\LogOut.cy.js",
      "file": "cypress\\e2e\\LogOut.cy.js",
      "beforeHooks": [],
      "afterHooks": [],
      "tests": [],
      "suites": [
        {
          "uuid": "47ec3611-cb38-40ef-8459-bdd6c3c299b3",
          "title": "Validate for Logout",
          "fullFile": "",
          "file": "",
          "beforeHooks": [],
          "afterHooks": [],
          "tests": [
            {
              "title": "Should be able to log out a user",
              "fullTitle": "Validate for Logout Should be able to log out a user",
              "timedOut": null,
              "duration": 8556,
              "state": "passed",
              "speed": "medium",
              "pass": true,
              "fail": false,
              "pending": false,
              "context": null,
              "code": "cy.visit('/'); //visit the url\ncy.get(\"input[name='username']\").type(validUsername);\ncy.get(\"[name='password']\").type(validPassword);\ncy.get('input[type=\"submit\"]').click();\ncy.get('body').should('include.text', \"Accounts Overview\").and('be.visible');\ncy.contains('Log Out').click();\ncy.get('body').should('not.include.text', \"Accounts Overview\");",
              "err": {},
              "uuid": "8bb04b99-e69a-460a-ac8a-386ef18842e3",
              "parentUUID": "47ec3611-cb38-40ef-8459-bdd6c3c299b3",
              "isHook": false,
              "skipped": false
            }
          ],
          "suites": [],
          "passes": [
            "8bb04b99-e69a-460a-ac8a-386ef18842e3"
          ],
          "failures": [],
          "pending": [],
          "skipped": [],
          "duration": 8556,
          "root": false,
          "rootEmpty": false,
          "_timeout": 2000
        }
      ],
      "passes": [],
      "failures": [],
      "pending": [],
      "skipped": [],
      "duration": 0,
      "root": true,
      "rootEmpty": true,
      "_timeout": 2000
    }
  ],
  "meta": {
    "mocha": {
      "version": "7.0.1"
    },
    "mochawesome": {
      "options": {
        "quiet": false,
        "reportFilename": "mochawesome",
        "saveHtml": false,
        "saveJson": true,
        "consoleReporter": "spec",
        "useInlineDiffs": false,
        "code": true
      },
      "version": "7.1.3"
    },
    "marge": {
      "options": {
        "reportDir": "cypress/results",
        "overwrite": false,
        "html": false,
        "json": true
      },
      "version": "6.2.0"
    }
  }
}