{
  "stats": {
    "suites": 1,
    "tests": 1,
    "passes": 1,
    "pending": 0,
    "failures": 0,
    "start": "2024-09-01T04:08:07.932Z",
    "end": "2024-09-01T04:08:13.883Z",
    "duration": 5951,
    "testsRegistered": 1,
    "passPercent": 100,
    "pendingPercent": 0,
    "other": 0,
    "hasOther": false,
    "skipped": 0,
    "hasSkipped": false
  },
  "results": [
    {
      "uuid": "ba3236d2-563e-47c3-8f8f-d46b3bd4c4a7",
      "title": "",
      "fullFile": "cypress\\e2e\\TransferFunds.cy.js",
      "file": "cypress\\e2e\\TransferFunds.cy.js",
      "beforeHooks": [],
      "afterHooks": [],
      "tests": [],
      "suites": [
        {
          "uuid": "46d17fff-0e09-40f3-8d73-9dae21a34f5c",
          "title": "Validate for Transfer funds",
          "fullFile": "",
          "file": "",
          "beforeHooks": [],
          "afterHooks": [],
          "tests": [
            {
              "title": "Should be able to transfer funds",
              "fullTitle": "Validate for Transfer funds Should be able to transfer funds",
              "timedOut": null,
              "duration": 5845,
              "state": "passed",
              "speed": "medium",
              "pass": true,
              "fail": false,
              "pending": false,
              "context": null,
              "code": "cy.visit('/'); //visit the url\ncy.get(\"input[name='username']\").type(validUsername);\ncy.get(\"[name='password']\").type(validPassword);\ncy.get('input[type=\"submit\"]').click();\ncy.get('#leftPanel > ul > :nth-child(3) > a').click();\ncy.get('#amount').type(5500).and('be.visible');\ncy.get('#fromAccountId').select(1);\ncy.get('#toAccountId').select(1);\ncy.get('input[type=\"submit\"]').click();\ncy.get('body').should('include.text', \"Transfer Complete!\").and('be.visible');",
              "err": {},
              "uuid": "a72a7a89-928c-4996-8f2a-2713b2dfe17e",
              "parentUUID": "46d17fff-0e09-40f3-8d73-9dae21a34f5c",
              "isHook": false,
              "skipped": false
            }
          ],
          "suites": [],
          "passes": [
            "a72a7a89-928c-4996-8f2a-2713b2dfe17e"
          ],
          "failures": [],
          "pending": [],
          "skipped": [],
          "duration": 5845,
          "root": false,
          "rootEmpty": false,
          "_timeout": 2000
        }
      ],
      "passes": [],
      "failures": [],
      "pending": [],
      "skipped": [],
      "duration": 0,
      "root": true,
      "rootEmpty": true,
      "_timeout": 2000
    }
  ],
  "meta": {
    "mocha": {
      "version": "7.0.1"
    },
    "mochawesome": {
      "options": {
        "quiet": false,
        "reportFilename": "mochawesome",
        "saveHtml": false,
        "saveJson": true,
        "consoleReporter": "spec",
        "useInlineDiffs": false,
        "code": true
      },
      "version": "7.1.3"
    },
    "marge": {
      "options": {
        "reportDir": "cypress/results",
        "overwrite": false,
        "html": false,
        "json": true
      },
      "version": "6.2.0"
    }
  }
}