{
  "stats": {
    "suites": 1,
    "tests": 1,
    "passes": 1,
    "pending": 0,
    "failures": 0,
    "start": "2024-09-01T04:07:27.727Z",
    "end": "2024-09-01T04:07:32.301Z",
    "duration": 4574,
    "testsRegistered": 1,
    "passPercent": 100,
    "pendingPercent": 0,
    "other": 0,
    "hasOther": false,
    "skipped": 0,
    "hasSkipped": false
  },
  "results": [
    {
      "uuid": "cadee884-e2f9-4bd8-bd91-6978cd8945e4",
      "title": "",
      "fullFile": "cypress\\e2e\\Login.cy.js",
      "file": "cypress\\e2e\\Login.cy.js",
      "beforeHooks": [],
      "afterHooks": [],
      "tests": [],
      "suites": [
        {
          "uuid": "5acf1510-3344-4343-a4c5-75a32090f8e6",
          "title": "Test contact form",
          "fullFile": "",
          "file": "",
          "beforeHooks": [],
          "afterHooks": [],
          "tests": [
            {
              "title": "Should Login a user with valid credentials",
              "fullTitle": "Test contact form Should Login a user with valid credentials",
              "timedOut": null,
              "duration": 4498,
              "state": "passed",
              "speed": "fast",
              "pass": true,
              "fail": false,
              "pending": false,
              "context": null,
              "code": "cy.get(\"input[name='username']\").type(validUsername);\ncy.get(\"[name='password']\").type(validPassword);\ncy.get('input[type=\"submit\"]').click();\ncy.get('body').should('include.text', \"Accounts Overview\").and('be.visible');",
              "err": {},
              "uuid": "df195643-6fd2-4ea2-afba-634fdf11a5d4",
              "parentUUID": "5acf1510-3344-4343-a4c5-75a32090f8e6",
              "isHook": false,
              "skipped": false
            }
          ],
          "suites": [],
          "passes": [
            "df195643-6fd2-4ea2-afba-634fdf11a5d4"
          ],
          "failures": [],
          "pending": [],
          "skipped": [],
          "duration": 4498,
          "root": false,
          "rootEmpty": false,
          "_timeout": 2000
        }
      ],
      "passes": [],
      "failures": [],
      "pending": [],
      "skipped": [],
      "duration": 0,
      "root": true,
      "rootEmpty": true,
      "_timeout": 2000
    }
  ],
  "meta": {
    "mocha": {
      "version": "7.0.1"
    },
    "mochawesome": {
      "options": {
        "quiet": false,
        "reportFilename": "mochawesome",
        "saveHtml": false,
        "saveJson": true,
        "consoleReporter": "spec",
        "useInlineDiffs": false,
        "code": true
      },
      "version": "7.1.3"
    },
    "marge": {
      "options": {
        "reportDir": "cypress/results",
        "overwrite": false,
        "html": false,
        "json": true
      },
      "version": "6.2.0"
    }
  }
}